2018-03-15 13:31:03,026 [INFO] -----------------------Starting build-----------------------
2018-03-15 13:31:03,033 [INFO] Running configSets: _OnInstanceBoot
2018-03-15 13:31:03,036 [INFO] Running configSet _OnInstanceBoot
2018-03-15 13:31:03,041 [INFO] Running config AWSEBBaseConfig
2018-03-15 13:31:03,046 [INFO] Command clearbackupfiles succeeded
2018-03-15 13:31:03,052 [INFO] Running config AWSEBMessageOfTheDay
2018-03-15 13:31:03,056 [INFO] Command 01clearoriginal succeeded
2018-03-15 13:31:03,060 [INFO] Command 02createbanner succeeded
2018-03-15 13:31:03,070 [INFO] Command 03updatebanner succeeded
2018-03-15 13:31:03,076 [INFO] Running config AWSEBULimitConfig
2018-03-15 13:31:03,080 [INFO] Command 00removebackup succeeded
2018-03-15 13:31:03,085 [INFO] Running config Infra-InstallContainerHooksPkg
2018-03-15 13:31:03,088 [INFO] Command 00mkdir succeeded
2018-03-15 13:31:03,200 [INFO] Command 01download_container_hooks succeeded
2018-03-15 13:31:03,207 [INFO] Command 02install_container_hooks succeeded
2018-03-15 13:31:03,210 [INFO] Command 03cleanup succeeded
2018-03-15 13:31:03,215 [INFO] Running config Infra-WriteLeaderTestScript
2018-03-15 13:31:03,220 [INFO] Running config Infra-WriteTailLogsConf
2018-03-15 13:31:03,225 [INFO] Running config Infra-WriteSystemTailLogsConf
2018-03-15 13:31:03,230 [INFO] Running config Infra-WriteBundleLogsConf
2018-03-15 13:31:03,236 [INFO] Running config Infra-WritePublishLogsConf
2018-03-15 13:31:03,240 [INFO] Running config Infra-WritePublishLogsCron
2018-03-15 13:31:03,241 [INFO] ConfigSets completed
2018-03-15 13:31:03,241 [INFO] -----------------------Build complete-----------------------
2018-03-15 13:31:40,869 [INFO] -----------------------Starting build-----------------------
2018-03-15 13:31:40,876 [INFO] Running configSets: Infra-EmbeddedPreBuild
2018-03-15 13:31:40,879 [INFO] Running configSet Infra-EmbeddedPreBuild
2018-03-15 13:31:40,880 [INFO] ConfigSets completed
2018-03-15 13:31:40,880 [INFO] -----------------------Build complete-----------------------
