2018-03-15 13:31:03,036 P2746 [INFO] ************************************************************
2018-03-15 13:31:03,036 P2746 [INFO] ConfigSet _OnInstanceBoot
2018-03-15 13:31:03,041 P2746 [INFO] ++++++++++++++++++++++++++++++++++++++++++++++++++++++++++++
2018-03-15 13:31:03,041 P2746 [INFO] Config AWSEBBaseConfig
2018-03-15 13:31:03,043 P2746 [INFO] ============================================================
2018-03-15 13:31:03,043 P2746 [INFO] Command clearbackupfiles
2018-03-15 13:31:03,046 P2746 [INFO] Completed successfully.
2018-03-15 13:31:03,052 P2746 [INFO] ++++++++++++++++++++++++++++++++++++++++++++++++++++++++++++
2018-03-15 13:31:03,052 P2746 [INFO] Config AWSEBMessageOfTheDay
2018-03-15 13:31:03,052 P2746 [INFO] ============================================================
2018-03-15 13:31:03,052 P2746 [INFO] Command 01clearoriginal
2018-03-15 13:31:03,056 P2746 [INFO] Completed successfully.
2018-03-15 13:31:03,056 P2746 [INFO] ============================================================
2018-03-15 13:31:03,056 P2746 [INFO] Command 02createbanner
2018-03-15 13:31:03,060 P2746 [INFO] Completed successfully.
2018-03-15 13:31:03,060 P2746 [INFO] ============================================================
2018-03-15 13:31:03,060 P2746 [INFO] Command 03updatebanner
2018-03-15 13:31:03,070 P2746 [INFO] Completed successfully.
2018-03-15 13:31:03,076 P2746 [INFO] ++++++++++++++++++++++++++++++++++++++++++++++++++++++++++++
2018-03-15 13:31:03,076 P2746 [INFO] Config AWSEBULimitConfig
2018-03-15 13:31:03,077 P2746 [INFO] ============================================================
2018-03-15 13:31:03,077 P2746 [INFO] Command 00removebackup
2018-03-15 13:31:03,079 P2746 [INFO] Completed successfully.
2018-03-15 13:31:03,085 P2746 [INFO] ++++++++++++++++++++++++++++++++++++++++++++++++++++++++++++
2018-03-15 13:31:03,085 P2746 [INFO] Config Infra-InstallContainerHooksPkg
2018-03-15 13:31:03,085 P2746 [INFO] ============================================================
2018-03-15 13:31:03,086 P2746 [INFO] Command 00mkdir
2018-03-15 13:31:03,088 P2746 [INFO] Completed successfully.
2018-03-15 13:31:03,089 P2746 [INFO] ============================================================
2018-03-15 13:31:03,089 P2746 [INFO] Command 01download_container_hooks
2018-03-15 13:31:03,200 P2746 [INFO] Completed successfully.
2018-03-15 13:31:03,200 P2746 [INFO] ============================================================
2018-03-15 13:31:03,200 P2746 [INFO] Command 02install_container_hooks
2018-03-15 13:31:03,207 P2746 [INFO] Completed successfully.
2018-03-15 13:31:03,207 P2746 [INFO] ============================================================
2018-03-15 13:31:03,207 P2746 [INFO] Command 03cleanup
2018-03-15 13:31:03,210 P2746 [INFO] Completed successfully.
2018-03-15 13:31:03,215 P2746 [INFO] ++++++++++++++++++++++++++++++++++++++++++++++++++++++++++++
2018-03-15 13:31:03,215 P2746 [INFO] Config Infra-WriteLeaderTestScript
2018-03-15 13:31:03,220 P2746 [INFO] ++++++++++++++++++++++++++++++++++++++++++++++++++++++++++++
2018-03-15 13:31:03,221 P2746 [INFO] Config Infra-WriteTailLogsConf
2018-03-15 13:31:03,225 P2746 [INFO] ++++++++++++++++++++++++++++++++++++++++++++++++++++++++++++
2018-03-15 13:31:03,226 P2746 [INFO] Config Infra-WriteSystemTailLogsConf
2018-03-15 13:31:03,231 P2746 [INFO] ++++++++++++++++++++++++++++++++++++++++++++++++++++++++++++
2018-03-15 13:31:03,231 P2746 [INFO] Config Infra-WriteBundleLogsConf
2018-03-15 13:31:03,236 P2746 [INFO] ++++++++++++++++++++++++++++++++++++++++++++++++++++++++++++
2018-03-15 13:31:03,236 P2746 [INFO] Config Infra-WritePublishLogsConf
2018-03-15 13:31:03,240 P2746 [INFO] ++++++++++++++++++++++++++++++++++++++++++++++++++++++++++++
2018-03-15 13:31:03,240 P2746 [INFO] Config Infra-WritePublishLogsCron
2018-03-15 13:31:40,879 P3178 [INFO] ************************************************************
2018-03-15 13:31:40,879 P3178 [INFO] ConfigSet Infra-EmbeddedPreBuild
