[2018-03-15T13:31:00Z] Started EB User Data
+ SLEEP_TIME=10
+ SLEEP_TIME_MAX=3600
+ true
+ curl https://s3.dualstack.ap-northeast-2.amazonaws.com/elasticbeanstalk-env-resources-ap-northeast-2/stalks/eb_node_js_4.0.1.200011.0/lib/UserDataScript.sh
  % Total    % Received % Xferd  Average Speed   Time    Time     Time  Current
                                 Dload  Upload   Total   Spent    Left  Speed
  0     0    0     0    0     0      0      0 --:--:-- --:--:-- --:--:--     0100 12487  100 12487    0     0  46396      0 --:--:-- --:--:-- --:--:-- 46420
+ RESULT=0
+ [[ 0 -ne 0 ]]
+ /bin/bash /tmp/ebbootstrap.sh https://s3.dualstack.ap-northeast-2.amazonaws.com/elasticbeanstalk-env-resources-ap-northeast-2/stalks/eb_node_js_4.0.1.200011.0/lib/aws-elasticbeanstalk-tools-1.20-1.noarch.rpm 'https://s3.dualstack.ap-northeast-2.amazonaws.com/elasticbeanstalk-env-resources-ap-northeast-2/stalks/eb_node_js_4.0.1.200011.0/lib/awseb-ruby-2.2.4-x86_64-20160503_1008.tar.gz https://s3.dualstack.ap-northeast-2.amazonaws.com/elasticbeanstalk-env-resources-ap-northeast-2/stalks/eb_node_js_4.0.1.200011.0/lib/basehooks.tar.gz' 'https://s3.dualstack.ap-northeast-2.amazonaws.com/elasticbeanstalk-env-resources-ap-northeast-2/stalks/eb_node_js_4.0.1.200011.0/lib/beanstalk-core-2.11.gem https://s3.dualstack.ap-northeast-2.amazonaws.com/elasticbeanstalk-env-resources-ap-northeast-2/stalks/eb_node_js_4.0.1.200011.0/lib/beanstalk-core-healthd-1.1.gem https://s3.dualstack.ap-northeast-2.amazonaws.com/elasticbeanstalk-env-resources-ap-northeast-2/stalks/eb_node_js_4.0.1.200011.0/lib/executor-1.2.gem' 'https://cloudformation-waitcondition-ap-northeast-2.s3.ap-northeast-2.amazonaws.com/arn%3Aaws%3Acloudformation%3Aap-northeast-2%3A454188672631%3Astack/awseb-e-2kmtmje3sm-immutable-stack/02accb50-2855-11e8-af57-500c9534208e/AWSEBInstanceLaunchWaitHandle?X-Amz-Algorithm=AWS4-HMAC-SHA256&X-Amz-Date=20180315T133025Z&X-Amz-SignedHeaders=host&X-Amz-Expires=86399&X-Amz-Credential=AKIAJTUDEFASXBMTD2VQ%2F20180315%2Fap-northeast-2%2Fs3%2Faws4_request&X-Amz-Signature=6b18787dd74c0cb266037a69327299c31113c3d067827ccb99a09e1f4aeefdb3' arn:aws:cloudformation:ap-northeast-2:454188672631:stack/awseb-e-2kmtmje3sm-immutable-stack/02accb50-2855-11e8-af57-500c9534208e ap-northeast-2 44a247899526 3a7d9e6b-1874-44ed-85b7-2df5052bef54 '' nginx ''
[2018-03-15T13:31:00.905Z] Started EB Bootstrapping Script.
[2018-03-15T13:31:00.977Z] Received parameters:
 RPMS = https://s3.dualstack.ap-northeast-2.amazonaws.com/elasticbeanstalk-env-resources-ap-northeast-2/stalks/eb_node_js_4.0.1.200011.0/lib/aws-elasticbeanstalk-tools-1.20-1.noarch.rpm
 TARBALLS = https://s3.dualstack.ap-northeast-2.amazonaws.com/elasticbeanstalk-env-resources-ap-northeast-2/stalks/eb_node_js_4.0.1.200011.0/lib/awseb-ruby-2.2.4-x86_64-20160503_1008.tar.gz https://s3.dualstack.ap-northeast-2.amazonaws.com/elasticbeanstalk-env-resources-ap-northeast-2/stalks/eb_node_js_4.0.1.200011.0/lib/basehooks.tar.gz
 EB_GEMS = https://s3.dualstack.ap-northeast-2.amazonaws.com/elasticbeanstalk-env-resources-ap-northeast-2/stalks/eb_node_js_4.0.1.200011.0/lib/beanstalk-core-2.11.gem https://s3.dualstack.ap-northeast-2.amazonaws.com/elasticbeanstalk-env-resources-ap-northeast-2/stalks/eb_node_js_4.0.1.200011.0/lib/beanstalk-core-healthd-1.1.gem https://s3.dualstack.ap-northeast-2.amazonaws.com/elasticbeanstalk-env-resources-ap-northeast-2/stalks/eb_node_js_4.0.1.200011.0/lib/executor-1.2.gem
 SIGNAL_URL = https://cloudformation-waitcondition-ap-northeast-2.s3.ap-northeast-2.amazonaws.com/arn%3Aaws%3Acloudformation%3Aap-northeast-2%3A454188672631%3Astack/awseb-e-2kmtmje3sm-immutable-stack/02accb50-2855-11e8-af57-500c9534208e/AWSEBInstanceLaunchWaitHandle?X-Amz-Algorithm=AWS4-HMAC-SHA256&X-Amz-Date=20180315T133025Z&X-Amz-SignedHeaders=host&X-Amz-Expires=86399&X-Amz-Credential=AKIAJTUDEFASXBMTD2VQ%2F20180315%2Fap-northeast-2%2Fs3%2Faws4_request&X-Amz-Signature=6b18787dd74c0cb266037a69327299c31113c3d067827ccb99a09e1f4aeefdb3
 STACK_ID = arn:aws:cloudformation:ap-northeast-2:454188672631:stack/awseb-e-2kmtmje3sm-immutable-stack/02accb50-2855-11e8-af57-500c9534208e
 REGION = ap-northeast-2
 GUID = 44a247899526
 HEALTHD_GROUP_ID = 3a7d9e6b-1874-44ed-85b7-2df5052bef54
 HEALTHD_ENDPOINT = 
 PROXY_SERVER = nginx
 HEALTHD_PROXY_LOG_LOCATION =
[2018-03-15T13:31:00.980Z] Synchronizing network time in background.
[2018-03-15T13:31:01.020Z] yum repo has already been locked to 44a247899526.
[2018-03-15T13:31:01.026Z] yum update has already been done.
Shutting down ntpd: [2018-03-15T13:31:01.075Z] Completed creating AWS EB users and groups.
[2018-03-15T13:31:01.077Z] Started executing install_rpms https://s3.dualstack.ap-northeast-2.amazonaws.com/elasticbeanstalk-env-resources-ap-northeast-2/stalks/eb_node_js_4.0.1.200011.0/lib/aws-elasticbeanstalk-tools-1.20-1.noarch.rpm.
[2018-03-15T13:31:01.116Z] Installing RPM: https://s3.dualstack.ap-northeast-2.amazonaws.com/elasticbeanstalk-env-resources-ap-northeast-2/stalks/eb_node_js_4.0.1.200011.0/lib/aws-elasticbeanstalk-tools-1.20-1.noarch.rpm.
[  OK  ]
[2018-03-15T13:31:01.273Z] aws-elasticbeanstalk-tools-1.20-1.noarch has already been installed. Skip installing.
[2018-03-15T13:31:01.281Z] Command Returned: 
[2018-03-15T13:31:01.288Z] Completed executing install_rpms.
[2018-03-15T13:31:01.293Z] Started executing install_tarballs https://s3.dualstack.ap-northeast-2.amazonaws.com/elasticbeanstalk-env-resources-ap-northeast-2/stalks/eb_node_js_4.0.1.200011.0/lib/awseb-ruby-2.2.4-x86_64-20160503_1008.tar.gz https://s3.dualstack.ap-northeast-2.amazonaws.com/elasticbeanstalk-env-resources-ap-northeast-2/stalks/eb_node_js_4.0.1.200011.0/lib/basehooks.tar.gz.
[2018-03-15T13:31:01.313Z] Installing tarball: https://s3.dualstack.ap-northeast-2.amazonaws.com/elasticbeanstalk-env-resources-ap-northeast-2/stalks/eb_node_js_4.0.1.200011.0/lib/awseb-ruby-2.2.4-x86_64-20160503_1008.tar.gz.
[2018-03-15T13:31:01.315Z] awseb-ruby-2.2.4-x86_64-20160503_1008.tar.gz has already been installed. Skip installing.
[2018-03-15T13:31:01.316Z] Installing tarball: https://s3.dualstack.ap-northeast-2.amazonaws.com/elasticbeanstalk-env-resources-ap-northeast-2/stalks/eb_node_js_4.0.1.200011.0/lib/basehooks.tar.gz.
[2018-03-15T13:31:01.397Z] Command Returned: 

2018-03-15 13:31:01 URL:https://s3.dualstack.ap-northeast-2.amazonaws.com/elasticbeanstalk-env-resources-ap-northeast-2/stalks/eb_node_js_4.0.1.200011.0/lib/basehooks.tar.gz [5753/5753] -> "/tmp/basehooks.tar.gz" [1]
[2018-03-15T13:31:01.413Z] Completed executing install_tarballs.
[2018-03-15T13:31:01.415Z] Started executing install_eb_gems https://s3.dualstack.ap-northeast-2.amazonaws.com/elasticbeanstalk-env-resources-ap-northeast-2/stalks/eb_node_js_4.0.1.200011.0/lib/beanstalk-core-2.11.gem https://s3.dualstack.ap-northeast-2.amazonaws.com/elasticbeanstalk-env-resources-ap-northeast-2/stalks/eb_node_js_4.0.1.200011.0/lib/beanstalk-core-healthd-1.1.gem https://s3.dualstack.ap-northeast-2.amazonaws.com/elasticbeanstalk-env-resources-ap-northeast-2/stalks/eb_node_js_4.0.1.200011.0/lib/executor-1.2.gem.
[2018-03-15T13:31:01.448Z] Installing EB Gem: https://s3.dualstack.ap-northeast-2.amazonaws.com/elasticbeanstalk-env-resources-ap-northeast-2/stalks/eb_node_js_4.0.1.200011.0/lib/beanstalk-core-2.11.gem.
[2018-03-15T13:31:01.762Z] beanstalk-core-2.11 has already been installed. Skip installing.
[2018-03-15T13:31:01.770Z] Installing EB Gem: https://s3.dualstack.ap-northeast-2.amazonaws.com/elasticbeanstalk-env-resources-ap-northeast-2/stalks/eb_node_js_4.0.1.200011.0/lib/beanstalk-core-healthd-1.1.gem.
[2018-03-15T13:31:01.945Z] beanstalk-core-healthd-1.1 has already been installed. Skip installing.
[2018-03-15T13:31:01.953Z] Installing EB Gem: https://s3.dualstack.ap-northeast-2.amazonaws.com/elasticbeanstalk-env-resources-ap-northeast-2/stalks/eb_node_js_4.0.1.200011.0/lib/executor-1.2.gem.
[2018-03-15T13:31:02.129Z] executor-1.2 has already been installed. Skip installing.
[2018-03-15T13:31:02.137Z] Command Returned: 
[2018-03-15T13:31:02.141Z] Completed executing install_eb_gems.
[2018-03-15T13:31:02.147Z] Starting healthd
initctl: Unknown instance: 
healthd start/running, process 2731
[2018-03-15T13:31:02.363Z] First init of instance.
[2018-03-15T13:31:02.372Z] Started executing cfn_init _OnInstanceBoot first_init.
[2018-03-15T13:31:02.387Z] Running cfn-init ConfigSet: _OnInstanceBoot.
[2018-03-15T13:31:03.256Z] Command Returned: 
[2018-03-15T13:31:03.260Z] Completed executing cfn_init.
[2018-03-15T13:31:03.338Z] Check whether controlled by launch workflow...
[2018-03-15T13:31:03.854Z] Worflow running.
[2018-03-15T13:31:03.858Z] Workflow controlled instance. Running container provisioning...
[2018-03-15T13:31:03.864Z] Started executing start_cfn_hup.
[2018-03-15T13:31:03.868Z] Starting cfn-hup.
[2018-03-15T13:31:03.879Z] Command Returned: cfn-hup start/running, process 2809
[2018-03-15T13:31:03.887Z] Completed executing start_cfn_hup.
[2018-03-15T13:31:03.895Z] Started executing run_eb_command { "api_version" : "1.0", "request_id": "0", "command_name": "CMD-PreInit" } .
[2018-03-15T13:31:03.907Z] Running EB Command: { "api_version" : "1.0", "request_id": "0", "command_name": "CMD-PreInit" } .
[2018-03-15T13:31:09.847Z] Command Returned: {"status":"SUCCESS","api_version":"1.0","results":[{"status":"SUCCESS","msg":"","returncode":0,"events":[]}]}
[2018-03-15T13:31:09.856Z] Completed executing run_eb_command.
[2018-03-15T13:31:09.863Z] Successfully bootstrapped instance.
[2018-03-15T13:31:09.964Z] Sending signal 0 to CFN wait condition https://cloudformation-waitcondition-ap-northeast-2.s3.ap-northeast-2.amazonaws.com/arn%3Aaws%3Acloudformation%3Aap-northeast-2%3A454188672631%3Astack/awseb-e-2kmtmje3sm-immutable-stack/02accb50-2855-11e8-af57-500c9534208e/AWSEBInstanceLaunchWaitHandle?X-Amz-Algorithm=AWS4-HMAC-SHA256&X-Amz-Date=20180315T133025Z&X-Amz-SignedHeaders=host&X-Amz-Expires=86399&X-Amz-Credential=AKIAJTUDEFASXBMTD2VQ%2F20180315%2Fap-northeast-2%2Fs3%2Faws4_request&X-Amz-Signature=6b18787dd74c0cb266037a69327299c31113c3d067827ccb99a09e1f4aeefdb3
CloudFormation signaled successfully with SUCCESS.
[2018-03-15T13:31:10.433Z] Tailing /var/log/eb-commandprocessor.log

******************* eb-commandprocessor taillog *******************
[2018-03-15T13:31:04.208Z] INFO  [2819]  : Command is applicable to this instance (i-04a279ea62e08e957)..
[2018-03-15T13:31:04.208Z] DEBUG [2819]  : Checking if the received command stage is valid..
[2018-03-15T13:31:04.208Z] INFO  [2819]  : No stage_num in command. Valid stage..
[2018-03-15T13:31:04.208Z] INFO  [2819]  : Received command CMD-PreInit: 
{
  "api_version" : "1.0",
  "request_id": "0",
  "command_name": "CMD-PreInit"
}

[2018-03-15T13:31:04.208Z] INFO  [2819]  : Command processor should execute command.
[2018-03-15T13:31:04.208Z] DEBUG [2819]  : Storing current stage..
[2018-03-15T13:31:04.208Z] DEBUG [2819]  : Stage_num does not exist. Not saving null stage. Returning..
[2018-03-15T13:31:04.208Z] DEBUG [2819]  : Reading config file: /etc/elasticbeanstalk/.aws-eb-stack.properties
[2018-03-15T13:31:04.208Z] DEBUG [2819]  : Retrieving metadata for key: AWS::ElasticBeanstalk::Ext||_ContainerConfigFileContent||commands..
[2018-03-15T13:31:04.209Z] DEBUG [2819]  : Retrieving metadata for key: AWS::ElasticBeanstalk::Ext||_API||_Commands..
[2018-03-15T13:31:04.209Z] INFO  [2819]  : Found enabled addons: ["logstreaming", "logpublish"].
[2018-03-15T13:31:04.211Z] INFO  [2819]  : Updating Command definition of addon logstreaming.
[2018-03-15T13:31:04.211Z] INFO  [2819]  : Updating Command definition of addon logpublish.
[2018-03-15T13:31:04.211Z] DEBUG [2819]  : Refreshing metadata...
[2018-03-15T13:31:04.211Z] DEBUG [2819]  : Using cached environment metadata.
[2018-03-15T13:31:04.211Z] INFO  [2819]  : Recreated directory /opt/elasticbeanstalk/deploy/configuration/.
[2018-03-15T13:31:04.211Z] DEBUG [2819]  : Retrieving metadata for key: AWS::ElasticBeanstalk::Ext||_AppSourceUrlFileContent||url..
[2018-03-15T13:31:04.212Z] INFO  [2819]  : Created appsource url file at /opt/elasticbeanstalk/deploy/configuration/appsourceurl.
[2018-03-15T13:31:04.212Z] DEBUG [2819]  : Retrieving metadata for key: AWS::ElasticBeanstalk::Ext||_ContainerConfigFileContent..
[2018-03-15T13:31:04.213Z] INFO  [2819]  : Created container config file at /opt/elasticbeanstalk/deploy/configuration/containerconfiguration.
[2018-03-15T13:31:04.213Z] DEBUG [2819]  : Retrieving metadata for key: AWS::ElasticBeanstalk::Ext||_ContainerConfigFileContent||commands..
[2018-03-15T13:31:04.214Z] DEBUG [2819]  : Retrieving metadata for key: AWS::ElasticBeanstalk::Ext||_API||_Commands..
[2018-03-15T13:31:04.219Z] INFO  [2819]  : Found enabled addons: ["logstreaming", "logpublish"].
[2018-03-15T13:31:04.219Z] INFO  [2819]  : Updating Command definition of addon logstreaming.
[2018-03-15T13:31:04.219Z] INFO  [2819]  : Updating Command definition of addon logpublish.
[2018-03-15T13:31:04.219Z] DEBUG [2819]  : Retrieving metadata for key: AWS::CloudFormation::Init||Infra-WriteApplication2||files..
[2018-03-15T13:31:04.220Z] DEBUG [2819]  : Retrieving metadata for key: AWS::ElasticBeanstalk::Ext||ManifestFileS3Key..
[2018-03-15T13:31:04.463Z] INFO  [2819]  : Loading manifest from bucket 'elasticbeanstalk-ap-northeast-2-454188672631' using specified S3 key 'resources/environments/e-2kmtmje3sm/_runtime/immutable_deployment_versions/manifest_1521120620681'.
[2018-03-15T13:31:04.519Z] INFO  [2819]  : Updated manifest cache: deployment ID 16 and serial 28.
[2018-03-15T13:31:04.519Z] DEBUG [2819]  : Loaded definition of Command CMD-PreInit.
[2018-03-15T13:31:04.519Z] INFO  [2819]  : Executing Initialization
[2018-03-15T13:31:04.520Z] INFO  [2819]  : Executing command: CMD-PreInit...
[2018-03-15T13:31:04.520Z] INFO  [2819]  : Executing command CMD-PreInit activities...
[2018-03-15T13:31:04.520Z] DEBUG [2819]  : Setting environment variables..
[2018-03-15T13:31:04.520Z] INFO  [2819]  : Running AddonsBefore for command CMD-PreInit...
[2018-03-15T13:31:06.447Z] DEBUG [2819]  : Running stages of Command CMD-PreInit from stage 0 to stage 0...
[2018-03-15T13:31:06.447Z] INFO  [2819]  : Running stage 0 of command CMD-PreInit...
[2018-03-15T13:31:06.447Z] DEBUG [2819]  : Loaded 2 actions for stage 0.
[2018-03-15T13:31:06.447Z] INFO  [2819]  : Running 1 of 2 actions: DownloadSourceBundle...
[2018-03-15T13:31:07.375Z] INFO  [2819]  : Running 2 of 2 actions: PreInitHook...
[2018-03-15T13:31:09.833Z] INFO  [2819]  : Running AddonsAfter for command CMD-PreInit...
[2018-03-15T13:31:09.833Z] INFO  [2819]  : Command CMD-PreInit succeeded!
[2018-03-15T13:31:09.834Z] INFO  [2819]  : Command processor returning results: 
{"status":"SUCCESS","api_version":"1.0","results":[{"status":"SUCCESS","msg":"","returncode":0,"events":[]}]}
******************* End of taillog *******************


[2018-03-15T13:31:10.454Z] Tailing /var/log/eb-activity.log

******************* eb-activity taillog *******************
[2018-03-15T13:31:07.881Z] INFO  [2819]  - [Initialization/PreInitStage0/PreInitHook/30directories.sh] : Completed activity. Result:
  ++ /opt/elasticbeanstalk/bin/get-config container -k nodejs_log_dir
  + EB_NODE_LOG_DIR=/var/log/nodejs
  ++ /opt/elasticbeanstalk/bin/get-config container -k app_user
  + EB_APP_USER=nodejs
  ++ /opt/elasticbeanstalk/bin/get-config container -k nodejs_install_dir
  + EB_NODE_INSTALL_DIR=/opt/elasticbeanstalk/node-install
  + mkdir -p /var/log/nodejs
  + chown nodejs /var/log/nodejs
  + mkdir -p /opt/elasticbeanstalk/node-install
[2018-03-15T13:31:07.881Z] INFO  [2819]  - [Initialization/PreInitStage0/PreInitHook/40iptables.sh] : Starting activity...
[2018-03-15T13:31:09.508Z] INFO  [2819]  - [Initialization/PreInitStage0/PreInitHook/40iptables.sh] : Completed activity. Result:
  + /opt/elasticbeanstalk/containerfiles/ebnode.py --action iptables-install
[2018-03-15T13:31:09.509Z] INFO  [2819]  - [Initialization/PreInitStage0/PreInitHook/50logs.sh] : Starting activity...
[2018-03-15T13:31:09.726Z] INFO  [2819]  - [Initialization/PreInitStage0/PreInitHook/50logs.sh] : Completed activity. Result:
  + /opt/elasticbeanstalk/bin/log-conf -n nodejs -l/var/log/nodejs/nodejs.log -f /opt/elasticbeanstalk/containerfiles/nodejs.logrotate.conf
  + /opt/elasticbeanstalk/bin/log-conf -n npm -l/var/log/nodejs/npm-debug.log -t taillogs,systemtaillogs,bundlelogs
  + /opt/elasticbeanstalk/bin/log-conf -nnginx '-l/var/log/nginx/*' -f /opt/elasticbeanstalk/containerfiles/nginx.logrotate.conf
  + /opt/elasticbeanstalk/bin/log-conf -nhttpd '-l/var/log/httpd/*' -f /opt/elasticbeanstalk/containerfiles/httpd.logrotate.conf
[2018-03-15T13:31:09.726Z] INFO  [2819]  - [Initialization/PreInitStage0/PreInitHook/60nginx.sh] : Starting activity...
[2018-03-15T13:31:09.822Z] INFO  [2819]  - [Initialization/PreInitStage0/PreInitHook/60nginx.sh] : Completed activity. Result:
  ++ /opt/elasticbeanstalk/bin/get-config container -k app_user
  + EB_APP_USER=nodejs
  + grep 'Elastic Beanstalk managed configuration file' /etc/nginx/nginx.conf
  + cp /opt/elasticbeanstalk/containerfiles/nginx.conf /etc/nginx/nginx.conf
  + rm -f /etc/logrotate.d/nginx
[2018-03-15T13:31:09.822Z] INFO  [2819]  - [Initialization/PreInitStage0/PreInitHook/70apache_mod_reqtimeout.sh] : Starting activity...
[2018-03-15T13:31:09.826Z] INFO  [2819]  - [Initialization/PreInitStage0/PreInitHook/70apache_mod_reqtimeout.sh] : Completed activity. Result:
  + MOD_REQTIMEOUT_CONFIG=/etc/httpd/conf.d/mod_reqtimeout.conf
  + '[' '!' -f /etc/httpd/conf.d/mod_reqtimeout.conf ']'
  + cp /opt/elasticbeanstalk/containerfiles/mod_reqtimeout.conf /etc/httpd/conf.d/mod_reqtimeout.conf
[2018-03-15T13:31:09.826Z] INFO  [2819]  - [Initialization/PreInitStage0/PreInitHook/70proxy_logging_dirs.sh] : Starting activity...
[2018-03-15T13:31:09.831Z] INFO  [2819]  - [Initialization/PreInitStage0/PreInitHook/70proxy_logging_dirs.sh] : Completed activity. Result:
  + mkdir -p /var/log/httpd
  + chmod -R 755 /var/log/httpd
  + '[' -d /etc/healthd ']'
  + mkdir -p /var/log/nginx/healthd
  + chown -R nginx:nginx /var/log/nginx/healthd
  + mkdir -p /var/log/httpd/healthd
[2018-03-15T13:31:09.831Z] INFO  [2819]  - [Initialization/PreInitStage0/PreInitHook/80httpd.sh] : Starting activity...
[2018-03-15T13:31:09.833Z] INFO  [2819]  - [Initialization/PreInitStage0/PreInitHook/80httpd.sh] : Completed activity. Result:
  + rm -f /etc/logrotate.d/httpd
[2018-03-15T13:31:09.833Z] INFO  [2819]  - [Initialization/PreInitStage0/PreInitHook] : Completed activity. Result:
  Successfully execute hooks in directory /opt/elasticbeanstalk/hooks/preinit.
[2018-03-15T13:31:09.833Z] INFO  [2819]  - [Initialization/PreInitStage0] : Completed activity. Result:
  Initialization - Command CMD-PreInit stage 0 completed
[2018-03-15T13:31:09.833Z] INFO  [2819]  - [Initialization/AddonsAfter] : Starting activity...
[2018-03-15T13:31:09.833Z] INFO  [2819]  - [Initialization/AddonsAfter] : Completed activity.
[2018-03-15T13:31:09.833Z] INFO  [2819]  - [Initialization] : Completed activity. Result:
  Initialization - Command CMD-PreInit succeeded
******************* End of taillog *******************


[2018-03-15T13:31:10.462Z] Tailing /var/log/eb-tools.log

******************* eb-tools taillog *******************
***eb-tools is not available yet.***
******************* End of taillog *******************


[2018-03-15T13:31:10.469Z] Tailing /var/log/eb-version-deployment.log

******************* eb-version-deployment taillog *******************
***eb-version-deployment is not available yet.***
******************* End of taillog *******************


[2018-03-15T13:31:10.476Z] Tailing /var/log/cfn-init.log

******************* cfn-init taillog *******************
2018-03-15 13:31:03,026 [INFO] -----------------------Starting build-----------------------
2018-03-15 13:31:03,033 [INFO] Running configSets: _OnInstanceBoot
2018-03-15 13:31:03,036 [INFO] Running configSet _OnInstanceBoot
2018-03-15 13:31:03,041 [INFO] Running config AWSEBBaseConfig
2018-03-15 13:31:03,046 [INFO] Command clearbackupfiles succeeded
2018-03-15 13:31:03,052 [INFO] Running config AWSEBMessageOfTheDay
2018-03-15 13:31:03,056 [INFO] Command 01clearoriginal succeeded
2018-03-15 13:31:03,060 [INFO] Command 02createbanner succeeded
2018-03-15 13:31:03,070 [INFO] Command 03updatebanner succeeded
2018-03-15 13:31:03,076 [INFO] Running config AWSEBULimitConfig
2018-03-15 13:31:03,080 [INFO] Command 00removebackup succeeded
2018-03-15 13:31:03,085 [INFO] Running config Infra-InstallContainerHooksPkg
2018-03-15 13:31:03,088 [INFO] Command 00mkdir succeeded
2018-03-15 13:31:03,200 [INFO] Command 01download_container_hooks succeeded
2018-03-15 13:31:03,207 [INFO] Command 02install_container_hooks succeeded
2018-03-15 13:31:03,210 [INFO] Command 03cleanup succeeded
2018-03-15 13:31:03,215 [INFO] Running config Infra-WriteLeaderTestScript
2018-03-15 13:31:03,220 [INFO] Running config Infra-WriteTailLogsConf
2018-03-15 13:31:03,225 [INFO] Running config Infra-WriteSystemTailLogsConf
2018-03-15 13:31:03,230 [INFO] Running config Infra-WriteBundleLogsConf
2018-03-15 13:31:03,236 [INFO] Running config Infra-WritePublishLogsConf
2018-03-15 13:31:03,240 [INFO] Running config Infra-WritePublishLogsCron
2018-03-15 13:31:03,241 [INFO] ConfigSets completed
2018-03-15 13:31:03,241 [INFO] -----------------------Build complete-----------------------
******************* End of taillog *******************


[2018-03-15T13:31:10.482Z] Tailing /var/log/cfn-hup.log

******************* cfn-hup taillog *******************
2018-03-15 13:31:04,401 [DEBUG] CloudFormation client initialized with endpoint https://cloudformation.ap-northeast-2.amazonaws.com
2018-03-15 13:31:04,401 [DEBUG] SQS client initialized with endpoint https://sqs.ap-northeast-2.amazonaws.com
2018-03-15 13:31:04,401 [DEBUG] CloudFormation client initialized with endpoint https://cloudformation.ap-northeast-2.amazonaws.com
2018-03-15 13:31:04,401 [DEBUG] Enabled single threading mode.
2018-03-15 13:31:04,402 [DEBUG] Creating /var/lib/cfn-hup/data
2018-03-15 13:31:04,402 [INFO] No umask value specified in config file. Using the default one: 022
******************* End of taillog *******************


[2018-03-15T13:31:10.491Z] Completed EB Bootstrapping Script.
+ exit 0
15 Mar 13:31:12 ntpdate[2660]: step time server 69.89.207.99 offset 0.624978 sec
Starting ntpd: [  OK  ]
